The push refers to repository [docker.io/lkschu/oai]
a2e184c4bdc6: Preparing
105a03a75d2c: Preparing
e9fded5144f0: Preparing
ed8ff5c66b28: Preparing
eee4d9329ff5: Preparing
8218394725c7: Preparing
2b3095a5d486: Preparing
f37256a88fac: Preparing
50fa9c6abf46: Preparing
f6305ed80f18: Preparing
dbf53edd7d79: Preparing
183f640f9aaa: Preparing
f0e0aa68de84: Preparing
deb519ca31b3: Preparing
5317536ec664: Preparing
1deb8aa395e3: Preparing
e80c01d2707c: Preparing
52294217b877: Preparing
346f14bf17b9: Preparing
dbf53edd7d79: Waiting
183f640f9aaa: Waiting
f0e0aa68de84: Waiting
deb519ca31b3: Waiting
5317536ec664: Waiting
1deb8aa395e3: Waiting
e80c01d2707c: Waiting
52294217b877: Waiting
346f14bf17b9: Waiting
2b3095a5d486: Waiting
f37256a88fac: Waiting
8218394725c7: Waiting
f6305ed80f18: Waiting
105a03a75d2c: Pushed
ed8ff5c66b28: Pushed
2b3095a5d486: Mounted from lkschu/uhd
f37256a88fac: Mounted from lkschu/uhd
50fa9c6abf46: Mounted from lkschu/uhd
8218394725c7: Pushed
f6305ed80f18: Mounted from lkschu/uhd
dbf53edd7d79: Mounted from lkschu/uhd
e9fded5144f0: Pushed
183f640f9aaa: Mounted from lkschu/uhd
f0e0aa68de84: Mounted from lkschu/uhd
deb519ca31b3: Mounted from lkschu/uhd
5317536ec664: Mounted from lkschu/uhd
1deb8aa395e3: Mounted from lkschu/uhd
e80c01d2707c: Mounted from lkschu/uhd
52294217b877: Mounted from lkschu/uhd
346f14bf17b9: Layer already exists
eee4d9329ff5: Pushed
a2e184c4bdc6: Pushed
2.2.0_3.15: digest: sha256:4107abb5fa440e37706a1e496c7014cca055b5a67af636c3de6a302531148f26 size: 4329
