The push refers to repository [docker.io/lkschu/oai]
4151b8adcb05: Preparing
cce898da685a: Preparing
4d575c81f6e3: Preparing
a7251fe812f2: Preparing
a1630ab408d9: Preparing
74be73cc57df: Preparing
c17eff6a7c29: Preparing
4256eb7d9ff2: Preparing
27c9e42fd8a8: Preparing
97deb2f9a43e: Preparing
119c318f4db5: Preparing
0dd2163918ee: Preparing
a15c1e4db831: Preparing
0dac4502025d: Preparing
6227c4ab1845: Preparing
3a911006ed5c: Preparing
c839517f1f1e: Preparing
346f14bf17b9: Preparing
74be73cc57df: Waiting
c17eff6a7c29: Waiting
4256eb7d9ff2: Waiting
27c9e42fd8a8: Waiting
97deb2f9a43e: Waiting
119c318f4db5: Waiting
0dd2163918ee: Waiting
a15c1e4db831: Waiting
0dac4502025d: Waiting
346f14bf17b9: Waiting
6227c4ab1845: Waiting
c839517f1f1e: Waiting
3a911006ed5c: Waiting
cce898da685a: Pushed
a7251fe812f2: Pushed
c17eff6a7c29: Layer already exists
4256eb7d9ff2: Layer already exists
27c9e42fd8a8: Layer already exists
97deb2f9a43e: Layer already exists
119c318f4db5: Layer already exists
0dd2163918ee: Layer already exists
a15c1e4db831: Layer already exists
0dac4502025d: Layer already exists
6227c4ab1845: Layer already exists
3a911006ed5c: Layer already exists
74be73cc57df: Pushed
c839517f1f1e: Layer already exists
346f14bf17b9: Layer already exists
4d575c81f6e3: Pushed
a1630ab408d9: Pushed
4151b8adcb05: Pushed
2.1.0_4.0: digest: sha256:af32a9a4dd2706e9664340b95a48e833d50df67901209f17c22c091b8d9aa8a9 size: 4119
