The push refers to repository [docker.io/lkschu/srsran]
c665ff505bcc: Preparing
5ba1457a8561: Preparing
5a81a3a40560: Preparing
d435cd457d86: Preparing
61245574c29a: Preparing
128a094d1334: Preparing
55e3cf1dcf5b: Preparing
8e3bc4c9b88a: Preparing
c22403d7496b: Preparing
c17eff6a7c29: Preparing
4256eb7d9ff2: Preparing
27c9e42fd8a8: Preparing
97deb2f9a43e: Preparing
119c318f4db5: Preparing
0dd2163918ee: Preparing
128a094d1334: Waiting
55e3cf1dcf5b: Waiting
a15c1e4db831: Preparing
0dac4502025d: Preparing
8e3bc4c9b88a: Waiting
6227c4ab1845: Preparing
3a911006ed5c: Preparing
c22403d7496b: Waiting
c17eff6a7c29: Waiting
4256eb7d9ff2: Waiting
27c9e42fd8a8: Waiting
97deb2f9a43e: Waiting
119c318f4db5: Waiting
c839517f1f1e: Preparing
a15c1e4db831: Waiting
0dd2163918ee: Waiting
346f14bf17b9: Preparing
0dac4502025d: Waiting
346f14bf17b9: Waiting
6227c4ab1845: Waiting
3a911006ed5c: Waiting
c839517f1f1e: Waiting
d435cd457d86: Pushed
5a81a3a40560: Pushed
61245574c29a: Pushed
55e3cf1dcf5b: Pushed
c665ff505bcc: Pushed
8e3bc4c9b88a: Pushed
c17eff6a7c29: Mounted from lkschu/uhd
4256eb7d9ff2: Mounted from lkschu/uhd
128a094d1334: Pushed
27c9e42fd8a8: Mounted from lkschu/uhd
97deb2f9a43e: Mounted from lkschu/uhd
c22403d7496b: Pushed
119c318f4db5: Mounted from lkschu/uhd
0dd2163918ee: Mounted from lkschu/uhd
a15c1e4db831: Mounted from lkschu/uhd
0dac4502025d: Mounted from lkschu/uhd
6227c4ab1845: Mounted from lkschu/uhd
346f14bf17b9: Layer already exists
3a911006ed5c: Mounted from lkschu/uhd
c839517f1f1e: Mounted from lkschu/uhd
5ba1457a8561: Pushed
24.10_4.0: digest: sha256:690428fc51dc0573dc5b529f7850cf3474aa8da3b7c766e5ec3867db5ca6a023 size: 4750
