The push refers to repository [docker.io/lkschu/uhd]
c17eff6a7c29: Preparing
4256eb7d9ff2: Preparing
27c9e42fd8a8: Preparing
97deb2f9a43e: Preparing
119c318f4db5: Preparing
0dd2163918ee: Preparing
a15c1e4db831: Preparing
0dac4502025d: Preparing
6227c4ab1845: Preparing
3a911006ed5c: Preparing
c839517f1f1e: Preparing
346f14bf17b9: Preparing
0dac4502025d: Waiting
6227c4ab1845: Waiting
3a911006ed5c: Waiting
346f14bf17b9: Waiting
0dd2163918ee: Waiting
a15c1e4db831: Waiting
c839517f1f1e: Waiting
119c318f4db5: Pushed
97deb2f9a43e: Pushed
4256eb7d9ff2: Pushed
0dd2163918ee: Pushed
0dac4502025d: Pushed
27c9e42fd8a8: Pushed
a15c1e4db831: Pushed
c17eff6a7c29: Pushed
c839517f1f1e: Pushed
346f14bf17b9: Layer already exists
3a911006ed5c: Pushed
6227c4ab1845: Pushed
4.0: digest: sha256:a48aeaf11ade57baa007492c7c24c7e5f327dec01a06e0fcd8f9fddcb529b50e size: 2851
